0 info it worked if it ends with ok
1 verbose cli [ '/usr/local/Cellar/node/5.7.1/bin/node',
1 verbose cli   '/usr/local/bin/npm',
1 verbose cli   'owner',
1 verbose cli   'ls' ]
2 info using npm@3.6.0
3 info using node@v5.7.1
4 silly mapToRegistry name walking_skeleton
5 silly mapToRegistry using default registry
6 silly mapToRegistry registry https://registry.npmjs.org/
7 silly mapToRegistry uri https://registry.npmjs.org/walking_skeleton
8 verbose request uri https://registry.npmjs.org/walking_skeleton
9 verbose request no auth needed
10 info attempt registry request try #1 at 6:03:46 PM
11 verbose request id 8fa9c46b0aa9afd7
12 http request GET https://registry.npmjs.org/walking_skeleton
13 http 404 https://registry.npmjs.org/walking_skeleton
14 verbose headers { 'content-type': 'application/json',
14 verbose headers   'cache-control': 'max-age=0',
14 verbose headers   'content-length': '2',
14 verbose headers   'accept-ranges': 'bytes',
14 verbose headers   date: 'Thu, 10 Mar 2016 00:03:46 GMT',
14 verbose headers   via: '1.1 varnish',
14 verbose headers   age: '0',
14 verbose headers   connection: 'keep-alive',
14 verbose headers   'x-served-by': 'cache-dfw1838-DFW',
14 verbose headers   'x-cache': 'MISS',
14 verbose headers   'x-cache-hits': '0',
14 verbose headers   'x-timer': 'S1457568226.440410,VS0,VE63' }
15 silly get cb [ 404,
15 silly get   { 'content-type': 'application/json',
15 silly get     'cache-control': 'max-age=0',
15 silly get     'content-length': '2',
15 silly get     'accept-ranges': 'bytes',
15 silly get     date: 'Thu, 10 Mar 2016 00:03:46 GMT',
15 silly get     via: '1.1 varnish',
15 silly get     age: '0',
15 silly get     connection: 'keep-alive',
15 silly get     'x-served-by': 'cache-dfw1838-DFW',
15 silly get     'x-cache': 'MISS',
15 silly get     'x-cache-hits': '0',
15 silly get     'x-timer': 'S1457568226.440410,VS0,VE63' } ]
16 error owner ls Couldn't get owner data walking_skeleton
17 verbose stack Error: Registry returned 404 for GET on https://registry.npmjs.org/walking_skeleton
17 verbose stack     at makeError (/usr/local/lib/node_modules/npm/node_modules/npm-registry-client/lib/request.js:264:12)
17 verbose stack     at CachingRegistryClient.<anonymous> (/usr/local/lib/node_modules/npm/node_modules/npm-registry-client/lib/request.js:242:14)
17 verbose stack     at Request._callback (/usr/local/lib/node_modules/npm/node_modules/npm-registry-client/lib/request.js:172:14)
17 verbose stack     at Request.self.callback (/usr/local/lib/node_modules/npm/node_modules/request/request.js:198:22)
17 verbose stack     at emitTwo (events.js:100:13)
17 verbose stack     at Request.emit (events.js:185:7)
17 verbose stack     at Request.<anonymous> (/usr/local/lib/node_modules/npm/node_modules/request/request.js:1035:10)
17 verbose stack     at emitOne (events.js:95:20)
17 verbose stack     at Request.emit (events.js:182:7)
17 verbose stack     at IncomingMessage.<anonymous> (/usr/local/lib/node_modules/npm/node_modules/request/request.js:962:12)
18 verbose statusCode 404
19 verbose pkgid walking_skeleton
20 verbose cwd /Users/xiaoranwang/Desktop/week 3/walking_skeleton
21 error Darwin 15.3.0
22 error argv "/usr/local/Cellar/node/5.7.1/bin/node" "/usr/local/bin/npm" "owner" "ls"
23 error node v5.7.1
24 error npm  v3.6.0
25 error code E404
26 error 404 Registry returned 404 for GET on https://registry.npmjs.org/walking_skeleton
27 error 404
28 error 404 'walking_skeleton' is not in the npm registry.
29 error 404 You should bug the author to publish it (or use the name yourself!)
30 error 404 Note that you can also install from a
31 error 404 tarball, folder, http url, or git url.
32 verbose exit [ 1, true ]
